build/app/outputs/mapping/release/seeds.txt
com.pozitiveenergy.MainActivity: MainActivity()
com.pozitiveenergy.MainActivity
...
vn.hunghd.flutterdownloader.DownloadWorker
io.flutter.plugin.editing.TextInputPlugin: io.flutter.plugin.editing.ListenableEditingState mEditable
androidx.core.R$id: int action_container
io.flutter.plugin.editing.TextInputPlugin$1: void setEditableSizeAndTransform(double,double,double[])
io.flutter.embedding.engine.systemchannels.PlatformChannel$Brightness: io.flutter.embedding.engine.systemchannels.PlatformChannel$Brightness[] values()
io.flutter.view.AccessibilityViewEmbedder: android.view.View platformViewOfNode(int)
io.flutter.plugin.editing.FlutterTextUtils: int ZERO_WIDTH_JOINER
androidx.core.R$id: int accessibility_custom_action_24
io.flutter.plugin.editing.TextInputPlugin: int inputTypeFromTextInputType(io.flutter.embedding.engine.systemchannels.TextInputChannel$InputType,boolean,boolean,boolean,io.flutter.embedding.engine.systemchannels.TextInputChannel$TextCapitalization)
androidx.core.app.RemoteActionCompat
io.flutter.plugin.editing.TextInputPlugin$InputTarget$Type: io.flutter.plugin.editing.TextInputPlugin$InputTarget$Type[] $VALUES
io.flutter.plugin.editing.ImeSyncDeferringInsetsCallback$AnimationCallback: io.flutter.plugin.editing.ImeSyncDeferringInsetsCallback this$0
io.flutter.embedding.engine.FlutterJNI: void dispatchSemanticsAction(int,io.flutter.view.AccessibilityBridge$Action,java.lang.Object)
io.flutter.plugin.editing.FlutterTextUtils: boolean isEmojiModifier(int)
androidx.core.R$id: int tag_accessibility_heading
io.flutter.plugin.editing.TextInputPlugin: void setTextInputClient(int,io.flutter.embedding.engine.systemchannels.TextInputChannel$Configuration)
io.flutter.embedding.engine.FlutterJNI: io.flutter.embedding.engine.dart.PlatformMessageHandler platformMessageHandler
io.flutter.embedding.android.FlutterImageView: android.view.Surface getSurface()
io.flutter.plugins.urllauncher.UrlLauncher$LaunchStatus: io.flutter.plugins.urllauncher.UrlLauncher$LaunchStatus valueOf(java.lang.String)
io.flutter.plugin.editing.InputConnectionAdaptor: android.view.inputmethod.ExtractedText getExtractedText(android.view.inputmethod.ExtractedTextRequest)
io.flutter.plugin.editing.ImeSyncDeferringInsetsCallback: android.view.WindowInsets access$402(io.flutter.plugin.editing.ImeSyncDeferringInsetsCallback,android.view.WindowInsets)
io.flutter.embedding.engine.FlutterJNI: void dispatchSemanticsAction(int,int,java.nio.ByteBuffer,int)
io.flutter.embedding.engine.FlutterJNI: void loadDartDeferredLibrary(int,java.lang.String[])
io.flutter.plugin.editing.ImeSyncDeferringInsetsCallback$InsetsListener: android.view.WindowInsets onApplyWindowInsets(android.view.View,android.view.WindowInsets)
androidx.core.R$id: int tag_on_receive_content_listener
io.flutter.plugin.editing.ImeSyncDeferringInsetsCallback: int access$100(io.flutter.plugin.editing.ImeSyncDeferringInsetsCallback)
io.flutter.embedding.engine.FlutterJNI: boolean nativeFlutterTextUtilsIsVariationSelector(int)
androidx.core.app.RemoteActionCompatParcelizer: void write(androidx.core.app.RemoteActionCompat,androidx.versionedparcelable.VersionedParcel)
io.flutter.view.FlutterView: io.flutter.embedding.engine.dart.DartExecutor getDartExecutor()
vn.hunghd.flutterdownloader.R$string: int flutter_downloader_notification_complete
androidx.core.R$id: int normal
io.flutter.plugin.editing.ListenableEditingState: int getSelectionStart()
io.flutter.view.AccessibilityViewEmbedder: android.view.accessibility.AccessibilityNodeInfo createAccessibilityNodeInfo(int)
io.flutter.plugin.editing.ListenableEditingState: android.text.SpannableStringBuilder replace(int,int,java.lang.CharSequence,int,int)
io.flutter.embedding.engine.systemchannels.TextInputChannel$TextInputType: io.flutter.embedding.engine.systemchannels.TextInputChannel$TextInputType valueOf(java.lang.String)
io.flutter.plugin.editing.InputConnectionAdaptor