build/app/outputs/mapping/release/mapping.txt
# compiler: R8
# compiler_version: 2.0.88
# min_api: 21
# pg_map_id: 526d822
# common_typos_disable
com.pozitiveenergy.MainActivity -> com.pozitiveenergy.MainActivity:
    void configureFlutterEngine(io.flutter.embedding.engine.FlutterEngine) -> t
...
androidx.sqlite.db.SupportSQLiteQuery -> b.i.a.e:
    java.lang.String getSql() -> c
    void bindTo(androidx.sqlite.db.SupportSQLiteProgram) -> h
androidx.sqlite.db.SupportSQLiteStatement -> b.i.a.f:
androidx.sqlite.db.framework.FrameworkSQLiteDatabase -> b.i.a.g.a:
    android.database.sqlite.SQLiteDatabase mDelegate -> a
    java.lang.String[] EMPTY_STRING_ARRAY -> b
    android.database.Cursor query(androidx.sqlite.db.SupportSQLiteQuery) -> a
    boolean isDelegate(android.database.sqlite.SQLiteDatabase) -> c
    android.database.Cursor query(java.lang.String) -> f
    android.database.Cursor query(androidx.sqlite.db.SupportSQLiteQuery,android.os.CancellationSignal) -> g
    androidx.sqlite.db.SupportSQLiteStatement compileStatement(java.lang.String) -> i
androidx.sqlite.db.framework.FrameworkSQLiteDatabase$1 -> b.i.a.g.a$a:
    androidx.sqlite.db.SupportSQLiteQuery val$supportQuery -> a
androidx.sqlite.db.framework.FrameworkSQLiteDatabase$2 -> b.i.a.g.a$b:
    androidx.sqlite.db.SupportSQLiteQuery val$supportQuery -> a
androidx.sqlite.db.framework.FrameworkSQLiteOpenHelper -> b.i.a.g.b:
    android.content.Context mContext -> a
    androidx.sqlite.db.SupportSQLiteOpenHelper$Callback mCallback -> c
    java.lang.Object mLock -> e
    androidx.sqlite.db.framework.FrameworkSQLiteOpenHelper$OpenHelper mDelegate -> f
    boolean mWriteAheadLoggingEnabled -> g
    java.lang.String mName -> b
    boolean mUseNoBackupDirectory -> d
    void setWriteAheadLoggingEnabled(boolean) -> b
    androidx.sqlite.db.framework.FrameworkSQLiteOpenHelper$OpenHelper getDelegate() -> c
    androidx.sqlite.db.SupportSQLiteDatabase getWritableDatabase() -> d
    java.lang.String getDatabaseName() -> e
androidx.sqlite.db.framework.FrameworkSQLiteOpenHelper$OpenHelper -> b.i.a.g.b$a:
    androidx.sqlite.db.SupportSQLiteOpenHelper$Callback mCallback -> b
    androidx.sqlite.db.framework.FrameworkSQLiteDatabase[] mDbRef -> a
    boolean mMigrated -> c
    androidx.sqlite.db.framework.FrameworkSQLiteDatabase getWrappedDb(android.database.sqlite.SQLiteDatabase) -> a
    androidx.sqlite.db.framework.FrameworkSQLiteDatabase getWrappedDb(androidx.sqlite.db.framework.FrameworkSQLiteDatabase[],android.database.sqlite.SQLiteDatabase) -> b
    androidx.sqlite.db.SupportSQLiteDatabase getWritableSupportDatabase() -> c
androidx.sqlite.db.framework.FrameworkSQLiteOpenHelper$OpenHelper$1 -> b.i.a.g.b$a$a:
    androidx.sqlite.db.framework.FrameworkSQLiteDatabase[] val$dbRef -> b
    androidx.sqlite.db.SupportSQLiteOpenHelper$Callback val$callback -> a
androidx.sqlite.db.framework.FrameworkSQLiteOpenHelperFactory -> b.i.a.g.c:
    androidx.sqlite.db.SupportSQLiteOpenHelper create(androidx.sqlite.db.SupportSQLiteOpenHelper$Configuration) -> a
androidx.sqlite.db.framework.FrameworkSQLiteProgram -> b.i.a.g.d:
    android.database.sqlite.SQLiteProgram mDelegate -> a
androidx.sqlite.db.framework.FrameworkSQLiteStatement -> b.i.a.g.e:
    android.database.sqlite.SQLiteStatement mDelegate -> b
androidx.versionedparcelable.ParcelImpl -> androidx.versionedparcelable.ParcelImpl:
    androidx.versionedparcelable.VersionedParcelable mParcel -> a
androidx.versionedparcelable.ParcelImpl$1 -> androidx.versionedparcelable.ParcelImpl$a:
    androidx.versionedparcelable.ParcelImpl createFromParcel(android.os.Parcel) -> a
    androidx.versionedparcelable.ParcelImpl[] newArray(int) -> b