build/app/outputs/mapping/release/usage.txt
com.pozitiveenergy.R$styleable
com.pozitiveenergy.R$drawable
com.pozitiveenergy.R$string
com.pozitiveenergy.R$layout
com.pozitiveenergy.R$color
com.pozitiveenergy.R$bool
com.pozitiveenergy.R$id
com.pozitiveenergy.R$xml
com.pozitiveenergy.R
com.pozitiveenergy.R$attr
com.pozitiveenergy.R$style
com.pozitiveenergy.R$dimen
com.pozitiveenergy.R$anim
com.pozitiveenergy.BuildConfig
com.pozitiveenergy.R$integer
com.pozitiveenergy.R$mipmap
...
com.google.common.collect.Collections2$PermutationCollection
com.google.common.collect.FilteredKeyMultimap$AddRejectingSet
kotlin.ranges.ULongRange$Companion
kotlin.sequences.GeneratorSequence
kotlin.sequences.SequencesKt__SequenceBuilderKt$sequence$$inlined$Sequence$1
androidx.customview.widget.ExploreByTouchHelper
androidx.annotation.CheckResult
io.flutter.embedding.engine.systemchannels.PlatformChannel:
    private static final java.lang.String TAG
io.flutter.embedding.engine.systemchannels.PlatformViewsChannel:
    private static final java.lang.String TAG
kotlin.Suppress
com.google.common.collect.Multisets$FilteredMultiset$1
androidx.core.graphics.drawable.WrappedDrawableApi21
kotlin.collections.GroupingKt
androidx.work.impl.utils.LiveDataUtils$1
kotlin.internal.RequireKotlin
androidx.core.app.NotificationCompat$Action:
    public void <init>(int,java.lang.CharSequence,android.app.PendingIntent)
    public void <init>(androidx.core.graphics.drawable.IconCompat,java.lang.CharSequence,android.app.PendingIntent)
    void <init>(int,java.lang.CharSequence,android.app.PendingIntent,android.os.Bundle,androidx.core.app.RemoteInput[],androidx.core.app.RemoteInput[],boolean,int,boolean,boolean)
    void <init>(androidx.core.graphics.drawable.IconCompat,java.lang.CharSequence,android.app.PendingIntent,android.os.Bundle,androidx.core.app.RemoteInput[],androidx.core.app.RemoteInput[],boolean,int,boolean,boolean)
    public int getIcon()
    public static final int SEMANTIC_ACTION_NONE
    public static final int SEMANTIC_ACTION_REPLY
    public static final int SEMANTIC_ACTION_MARK_AS_READ
    public static final int SEMANTIC_ACTION_MARK_AS_UNREAD
    public static final int SEMANTIC_ACTION_DELETE
    public static final int SEMANTIC_ACTION_ARCHIVE
    public static final int SEMANTIC_ACTION_MUTE
    public static final int SEMANTIC_ACTION_UNMUTE
    public static final int SEMANTIC_ACTION_THUMBS_UP
    public static final int SEMANTIC_ACTION_THUMBS_DOWN
    public static final int SEMANTIC_ACTION_CALL
    static final java.lang.String EXTRA_SHOWS_USER_INTERFACE
    static final java.lang.String EXTRA_SEMANTIC_ACTION
androidx.core.graphics.TypefaceCompatBaseImpl$1
com.google.common.hash.LittleEndianByteArray
io.flutter.embedding.android.FlutterEngineConfigurator
com.google.common.escape.Escapers$Builder$1
androidx.core.view.WindowInsetsControllerCompat$Impl23
com.google.common.util.concurrent.AbstractExecutionThreadService$1
com.google.common.base.CharMatcher$Is
kotlin.internal.PlatformImplementations$ReflectAddSuppressedMethod
com.google.common.collect.MapMakerInternalMap$SafeToArraySet
kotlin.coroutines.ContinuationKt
com.google.common.util.concurrent.MoreExecutors$2
androidx.fragment.app.FragmentManagerState$1
com.google.common.util.concurrent.TimeoutFuture$TimeoutFutureException
androidx.core.content.res.ConfigurationHelper
kotlin.internal.OnlyInputTypes
com.google.common.cache.CacheBuilderSpec$MaximumSizeParser
com.google.errorprone.annotations.Immutable
androidx.core.view.accessibility.AccessibilityViewCommand$ScrollToPositionArguments
com.github.yasukotelin.ext_storage.R
com.google.common.collect.ArrayTable$RowMap
com.google.common.collect.Lists$TwoPlusArrayList
com.google.common.cache.LongAddables$2
kotlin.jvm.internal.EnumCompanionObject
androidx.work.impl.WorkManagerImpl$2
com.google.common.hash.Hashing$Sha384Holder
androidx.core.app.TaskStackBuilder$SupportParentable
androidx.work.impl.WorkDatabase:
    public abstract androidx.work.impl.model.RawWorkInfoDao rawWorkInfoDao()
    private static final java.lang.String PRUNE_SQL_FORMAT_PREFIX
    private static final java.lang.String PRUNE_SQL_FORMAT_SUFFIX
androidx.viewpager.widget.ViewPager
com.google.common.hash.MessageDigestHashFunction
kotlin.internal.jdk7.JDK7PlatformImplementations
com.google.common.collect.FluentIterable$3